<?xml version="1.0" encoding="UTF-8"?>
<robot generator="Robot 7.3.1 (Python 3.13.5 on win32)" generated="2025-06-24T21:19:20.561368" rpa="false" schemaversion="5">
<suite id="s1" name="TC01" source="C:\Users\Michel\Desktop\Curso\PHPTRAVELS\Tests\Voo\TC01.robot">
<test id="s1-t1" name="TC01 - Reservando passagem de destinos dentro dos EUA na classe econômica" line="6">
<kw name="Dado que eu acesse o php travels" owner="Login_Steps">
<kw name="Open Browser" owner="SeleniumLibrary">
<msg time="2025-06-24T21:19:21.192089" level="INFO">Opening browser 'chrome' to base url 'https://www.phptravels.net/'.</msg>
<arg>${URL}</arg>
<arg>${Browser}</arg>
<doc>Opens a new browser instance to the optional ``url``.</doc>
<status status="PASS" start="2025-06-24T21:19:21.191684" elapsed="4.629190"/>
</kw>
<kw name="Maximize Browser Window" owner="SeleniumLibrary">
<doc>Maximizes current browser window.</doc>
<status status="PASS" start="2025-06-24T21:19:25.821233" elapsed="0.051965"/>
</kw>
<status status="PASS" start="2025-06-24T21:19:21.190552" elapsed="4.682851"/>
</kw>
<kw name="E realize o cadastro" owner="Login_Steps">
<kw name="Wait Until Element Is Visible" owner="SeleniumLibrary">
<msg time="2025-06-24T21:19:36.319219" level="INFO" html="true">&lt;/td&gt;&lt;/tr&gt;&lt;tr&gt;&lt;td colspan="3"&gt;&lt;a href="selenium-screenshot-2.png"&gt;&lt;img src="selenium-screenshot-2.png" width="800px"&gt;&lt;/a&gt;</msg>
<msg time="2025-06-24T21:19:36.319478" level="FAIL">Element '//a[@href="https://www.phptravels.net/signup"]' not visible after 10 seconds.</msg>
<arg>${Home.A_Signup}</arg>
<arg>10</arg>
<doc>Waits until the element ``locator`` is visible.</doc>
<status status="FAIL" start="2025-06-24T21:19:25.874965" elapsed="10.447547">Element '//a[@href="https://www.phptravels.net/signup"]' not visible after 10 seconds.</status>
</kw>
<kw name="Click Element" owner="SeleniumLibrary">
<arg>${Home.A_Signup}</arg>
<doc>Click the element identified by ``locator``.</doc>
<status status="NOT RUN" start="2025-06-24T21:19:36.322809" elapsed="0.000058"/>
</kw>
<kw name="Wait Until Element Is Visible" owner="SeleniumLibrary">
<arg>${Login.Input_PrimeiroNome}</arg>
<arg>10</arg>
<doc>Waits until the element ``locator`` is visible.</doc>
<status status="NOT RUN" start="2025-06-24T21:19:36.323042" elapsed="0.000047"/>
</kw>
<kw name="Input Text" owner="SeleniumLibrary">
<arg>${Login.Input_PrimeiroNome}</arg>
<arg>${PrimeiroNome}</arg>
<doc>Types the given ``text`` into the text field identified by ``locator``.</doc>
<status status="NOT RUN" start="2025-06-24T21:19:36.323268" elapsed="0.000045"/>
</kw>
<kw name="Wait Until Element Is Visible" owner="SeleniumLibrary">
<arg>${Login.Input_UltimoNome}</arg>
<arg>10</arg>
<doc>Waits until the element ``locator`` is visible.</doc>
<status status="NOT RUN" start="2025-06-24T21:19:36.323479" elapsed="0.000042"/>
</kw>
<kw name="Input Text" owner="SeleniumLibrary">
<arg>${Login.Input_UltimoNome}</arg>
<arg>${UltimoNome}</arg>
<doc>Types the given ``text`` into the text field identified by ``locator``.</doc>
<status status="NOT RUN" start="2025-06-24T21:19:36.323685" elapsed="0.000042"/>
</kw>
<kw name="Wait Until Element Is Visible" owner="SeleniumLibrary">
<arg>${Login.Input_Telefone}</arg>
<arg>10</arg>
<doc>Waits until the element ``locator`` is visible.</doc>
<status status="NOT RUN" start="2025-06-24T21:19:36.323888" elapsed="0.000041"/>
</kw>
<kw name="Input Text" owner="SeleniumLibrary">
<arg>${Login.Input_Telefone}</arg>
<arg>${Telefone}</arg>
<doc>Types the given ``text`` into the text field identified by ``locator``.</doc>
<status status="NOT RUN" start="2025-06-24T21:19:36.324087" elapsed="0.000040"/>
</kw>
<kw name="Wait Until Element Is Visible" owner="SeleniumLibrary">
<arg>${Login.Input_Email}</arg>
<arg>10</arg>
<doc>Waits until the element ``locator`` is visible.</doc>
<status status="NOT RUN" start="2025-06-24T21:19:36.324296" elapsed="0.000043"/>
</kw>
<kw name="Input Text" owner="SeleniumLibrary">
<arg>${Login.Input_Email}</arg>
<arg>${Email}</arg>
<doc>Types the given ``text`` into the text field identified by ``locator``.</doc>
<status status="NOT RUN" start="2025-06-24T21:19:36.324499" elapsed="0.000041"/>
</kw>
<kw name="Wait Until Element Is Visible" owner="SeleniumLibrary">
<arg>${Login.Input_Senha}</arg>
<arg>10</arg>
<doc>Waits until the element ``locator`` is visible.</doc>
<status status="NOT RUN" start="2025-06-24T21:19:36.324703" elapsed="0.000042"/>
</kw>
<kw name="Input Text" owner="SeleniumLibrary">
<arg>${Login.Input_Senha}</arg>
<arg>${Senha}</arg>
<doc>Types the given ``text`` into the text field identified by ``locator``.</doc>
<status status="NOT RUN" start="2025-06-24T21:19:36.324905" elapsed="0.000041"/>
</kw>
<kw name="Wait Until Element Is Visible" owner="SeleniumLibrary">
<arg>${Login.Button_Cookie}</arg>
<arg>10</arg>
<doc>Waits until the element ``locator`` is visible.</doc>
<status status="NOT RUN" start="2025-06-24T21:19:36.325104" elapsed="0.000041"/>
</kw>
<kw name="Click Element" owner="SeleniumLibrary">
<arg>${Login.Button_Cookie}</arg>
<doc>Click the element identified by ``locator``.</doc>
<status status="NOT RUN" start="2025-06-24T21:19:36.325305" elapsed="0.000044"/>
</kw>
<kw name="Wait Until Element Is Visible" owner="SeleniumLibrary">
<arg>${Login.Button_Signup}</arg>
<arg>10</arg>
<doc>Waits until the element ``locator`` is visible.</doc>
<status status="NOT RUN" start="2025-06-24T21:19:36.325501" elapsed="0.000045"/>
</kw>
<kw name="Sleep" owner="BuiltIn">
<arg>2s</arg>
<doc>Pauses the test executed for the given time.</doc>
<status status="NOT RUN" start="2025-06-24T21:19:36.325710" elapsed="0.000044"/>
</kw>
<kw name="Run Keyword And Ignore Error" owner="BuiltIn">
<arg>Click Element</arg>
<arg>${Login.Button_Signup}</arg>
<doc>Runs the given keyword with the given arguments and ignores possible error.</doc>
<status status="NOT RUN" start="2025-06-24T21:19:36.325925" elapsed="0.000042"/>
</kw>
<kw name="Click Element" owner="SeleniumLibrary">
<arg>${Login.Button_Signup}</arg>
<doc>Click the element identified by ``locator``.</doc>
<status status="NOT RUN" start="2025-06-24T21:19:36.326127" elapsed="0.000043"/>
</kw>
<status status="FAIL" start="2025-06-24T21:19:25.874334" elapsed="10.452016">Element '//a[@href="https://www.phptravels.net/signup"]' not visible after 10 seconds.</status>
</kw>
<kw name="E faça o Login" owner="Login_Steps">
<status status="NOT RUN" start="2025-06-24T21:19:36.327202" elapsed="0.000123"/>
</kw>
<kw name="Quando eu realizo uma busca de um vôo ida e volta" owner="Voo_Steps">
<status status="NOT RUN" start="2025-06-24T21:19:36.328034" elapsed="0.000107"/>
</kw>
<kw name="E saindo de Los Angeles EUA" owner="Voo_Steps" source_name="E saindo de ${Texto}">
<status status="NOT RUN" start="2025-06-24T21:19:36.328817" elapsed="0.000107"/>
</kw>
<kw name="E fecho o navegador" owner="Login_Steps">
<status status="NOT RUN" start="2025-06-24T21:19:36.329538" elapsed="0.000105"/>
</kw>
<status status="FAIL" start="2025-06-24T21:19:21.189355" elapsed="15.140914">Element '//a[@href="https://www.phptravels.net/signup"]' not visible after 10 seconds.</status>
</test>
<status status="FAIL" start="2025-06-24T21:19:20.563371" elapsed="15.768676"/>
</suite>
<statistics>
<total>
<stat pass="0" fail="1" skip="0">All Tests</stat>
</total>
<tag>
</tag>
<suite>
<stat name="TC01" id="s1" pass="0" fail="1" skip="0">TC01</stat>
</suite>
</statistics>
<errors>
<msg time="2025-06-24T21:19:21.170308" level="ERROR">Error in file 'C:\Users\Michel\Desktop\Curso\PHPTRAVELS\Elements\Main_Elements.resource' on line 4: Resource file 'Voo\Voo_Elements.resoucer' does not exist.</msg>
</errors>
</robot>
